> Task :compileJava FAILED

[Incubating] Problems report is available at: file:///C:/Users/jume/.gemini/antigravity/scratch/AquaCoreBreak/build/reports/problems/problems-report.html
gradle : 
En línea: 1 Carácter: 1
+ gradle compileJava 2>&1 | Out-File 
-Encoding utf8 build_log_21.txt
+ ~~~~~~~~~~~~~~~~~~~~~~~
    + CategoryInfo          : NotSpecified: 
    (:String) [], RemoteException
    + FullyQualifiedErrorId : NativeCommand 
   Error
 
FAILURE: Build failed with an exception.

* What went wrong:
Execution failed for task ':compileJava'.
> Error while evaluating property 
'javaCompiler' of task ':compileJava'.
   > Failed to calculate the value of task 
':compileJava' property 'javaCompiler'.
      > Cannot find a Java installation on 
your machine (Windows 11 10.0 amd64) 
matching: {languageVersion=21, vendor=any 
vendor, implementation=vendor-specific, 
nativeImageCapable=false}. Toolchain 
download repositories have not been 
configured.

* Try:
> Learn more about toolchain auto-detection 
and auto-provisioning at https://docs.gradle
.org/9.2.1/userguide/toolchains.html#sec:aut
o_detection.
> Learn more about toolchain repositories 
at https://docs.gradle.org/9.2.1/userguide/t
oolchains.html#sub:download_repositories.
> Run with --stacktrace option to get the 
stack trace.
> Run with --info or --debug option to get 
more log output.
> Run with --scan to generate a Build Scan 
(powered by Develocity).
> Get more help at https://help.gradle.org.

Deprecated Gradle features were used in this build, making it incompatible with Gradle 10.

You can use '--warning-mode all' to show the individual deprecation warnings and determine if they come from your own scripts or plugins.

For more on this, please refer to https://docs.gradle.org/9.2.1/userguide/command_line_interface.html#sec:command_line_warnings in the Gradle documentation.

BUILD FAILED in 1s
1 actionable task: 1 executed
